  [1m[36m (6.4ms)[0m  [1mCREATE TABLE "schema_migrations" ("version" varchar(255) NOT NULL) [0m
  [1m[35m (5.5ms)[0m  CREATE UNIQUE INDEX "unique_schema_migrations" ON "schema_migrations" ("version")
  [1m[36mActiveRecord::SchemaMigration Load (0.1ms)[0m  [1mSELECT "schema_migrations".* FROM "schema_migrations"[0m
Migrating to CreateBodyMeasurements (20140612083953)
  [1m[35m (0.0ms)[0m  begin transaction
  [1m[36m (0.4ms)[0m  [1mCREATE TABLE "body_measurements" ("id" INTEGER PRIMARY KEY AUTOINCREMENT NOT NULL, "measurementDate" date, "occurrence" integer, "weight" float, "bodyFat" float, "created_at" datetime, "updated_at" datetime) [0m
  [1m[35mSQL (0.3ms)[0m  INSERT INTO "schema_migrations" ("version") VALUES (?)  [["version", "20140612083953"]]
  [1m[36m (3.7ms)[0m  [1mcommit transaction[0m
  [1m[35mActiveRecord::SchemaMigration Load (0.1ms)[0m  SELECT "schema_migrations".* FROM "schema_migrations"
  [1m[36mActiveRecord::SchemaMigration Load (0.1ms)[0m  [1mSELECT "schema_migrations".* FROM "schema_migrations"[0m
  [1m[36mActiveRecord::SchemaMigration Load (0.1ms)[0m  [1mSELECT "schema_migrations".* FROM "schema_migrations"[0m
  [1m[35m (0.1ms)[0m  begin transaction
  [1m[36mSQL (2.1ms)[0m  [1mINSERT INTO "body_measurements" ("bodyFat", "created_at", "measurementDate", "occurrence", "updated_at", "weight") VALUES (?, ?, ?, ?, ?, ?)[0m  [["bodyFat", 15.0], ["created_at", Thu, 12 Jun 2014 08:43:17 UTC +00:00], ["measurementDate", Thu, 01 May 2014], ["occurrence", 0], ["updated_at", Thu, 12 Jun 2014 08:43:17 UTC +00:00], ["weight", 150.0]]
  [1m[35m (6.9ms)[0m  commit transaction
  [1m[36m (0.1ms)[0m  [1mbegin transaction[0m
  [1m[35mSQL (0.4ms)[0m  INSERT INTO "body_measurements" ("bodyFat", "created_at", "measurementDate", "occurrence", "updated_at", "weight") VALUES (?, ?, ?, ?, ?, ?)  [["bodyFat", 17.0], ["created_at", Thu, 12 Jun 2014 08:43:17 UTC +00:00], ["measurementDate", Sun, 04 May 2014], ["occurrence", 0], ["updated_at", Thu, 12 Jun 2014 08:43:17 UTC +00:00], ["weight", 152.0]]
  [1m[36m (3.6ms)[0m  [1mcommit transaction[0m
  [1m[35m (0.1ms)[0m  begin transaction
  [1m[36mSQL (0.4ms)[0m  [1mINSERT INTO "body_measurements" ("bodyFat", "created_at", "measurementDate", "occurrence", "updated_at", "weight") VALUES (?, ?, ?, ?, ?, ?)[0m  [["bodyFat", 21.0], ["created_at", Thu, 12 Jun 2014 08:43:17 UTC +00:00], ["measurementDate", Thu, 08 May 2014], ["occurrence", 0], ["updated_at", Thu, 12 Jun 2014 08:43:17 UTC +00:00], ["weight", 155.0]]
  [1m[35m (3.7ms)[0m  commit transaction
  [1m[36m (0.0ms)[0m  [1mbegin transaction[0m
  [1m[35mSQL (1.4ms)[0m  INSERT INTO "body_measurements" ("bodyFat", "created_at", "measurementDate", "occurrence", "updated_at", "weight") VALUES (?, ?, ?, ?, ?, ?)  [["bodyFat", 19.0], ["created_at", Thu, 12 Jun 2014 08:43:17 UTC +00:00], ["measurementDate", Thu, 15 May 2014], ["occurrence", 0], ["updated_at", Thu, 12 Jun 2014 08:43:17 UTC +00:00], ["weight", 154.2]]
  [1m[36m (4.4ms)[0m  [1mcommit transaction[0m
  [1m[35m (0.1ms)[0m  begin transaction
  [1m[36mSQL (0.5ms)[0m  [1mINSERT INTO "body_measurements" ("bodyFat", "created_at", "measurementDate", "occurrence", "updated_at", "weight") VALUES (?, ?, ?, ?, ?, ?)[0m  [["bodyFat", 17.0], ["created_at", Thu, 12 Jun 2014 08:43:17 UTC +00:00], ["measurementDate", Thu, 22 May 2014], ["occurrence", 0], ["updated_at", Thu, 12 Jun 2014 08:43:17 UTC +00:00], ["weight", 154.0]]
  [1m[35m (4.3ms)[0m  commit transaction
  [1m[36m (0.0ms)[0m  [1mbegin transaction[0m
  [1m[35mSQL (0.4ms)[0m  INSERT INTO "body_measurements" ("bodyFat", "created_at", "measurementDate", "occurrence", "updated_at", "weight") VALUES (?, ?, ?, ?, ?, ?)  [["bodyFat", 16.5], ["created_at", Thu, 12 Jun 2014 08:43:17 UTC +00:00], ["measurementDate", Thu, 29 May 2014], ["occurrence", 0], ["updated_at", Thu, 12 Jun 2014 08:43:17 UTC +00:00], ["weight", 152.0]]
  [1m[36m (4.9ms)[0m  [1mcommit transaction[0m
  [1m[35m (0.1ms)[0m  begin transaction
  [1m[36mSQL (0.4ms)[0m  [1mINSERT INTO "body_measurements" ("bodyFat", "created_at", "measurementDate", "occurrence", "updated_at", "weight") VALUES (?, ?, ?, ?, ?, ?)[0m  [["bodyFat", 15.0], ["created_at", Thu, 12 Jun 2014 08:43:17 UTC +00:00], ["measurementDate", Fri, 06 Jun 2014], ["occurrence", 0], ["updated_at", Thu, 12 Jun 2014 08:43:17 UTC +00:00], ["weight", 151.0]]
  [1m[35m (4.0ms)[0m  commit transaction


Started GET "/body_measurements" for 127.0.0.1 at 2014-06-12 01:43:53 -0700
  [1m[36mActiveRecord::SchemaMigration Load (0.1ms)[0m  [1mSELECT "schema_migrations".* FROM "schema_migrations"[0m
Processing by BodyMeasurementsController#index as HTML
  [1m[35mBodyMeasurement Load (2.2ms)[0m  SELECT "body_measurements".* FROM "body_measurements"
  Rendered body_measurements/index.html.erb within layouts/application (17.3ms)
Completed 200 OK in 378ms (Views: 347.8ms | ActiveRecord: 2.4ms)


Started GET "/assets/application.css?body=1" for 127.0.0.1 at 2014-06-12 01:43:53 -0700


Started GET "/assets/scaffolds.css?body=1" for 127.0.0.1 at 2014-06-12 01:43:53 -0700


Started GET "/assets/body_measurements.css?body=1" for 127.0.0.1 at 2014-06-12 01:43:54 -0700


Started GET "/assets/body_measurements.js?body=1" for 127.0.0.1 at 2014-06-12 01:43:54 -0700


Started GET "/assets/turbolinks.js?body=1" for 127.0.0.1 at 2014-06-12 01:43:54 -0700


Started GET "/assets/jquery.js?body=1" for 127.0.0.1 at 2014-06-12 01:43:54 -0700


Started GET "/assets/jquery_ujs.js?body=1" for 127.0.0.1 at 2014-06-12 01:43:54 -0700


Started GET "/assets/application.js?body=1" for 127.0.0.1 at 2014-06-12 01:43:54 -0700


Started GET "/body_measurements.json" for 127.0.0.1 at 2014-06-12 01:45:07 -0700
Processing by BodyMeasurementsController#index as JSON
  [1m[36mBodyMeasurement Load (0.1ms)[0m  [1mSELECT "body_measurements".* FROM "body_measurements"[0m
  Rendered body_measurements/index.json.jbuilder (12.5ms)
Completed 200 OK in 15ms (Views: 13.9ms | ActiveRecord: 0.1ms)
